Start testing: Nov 14 20:44 CST
----------------------------------------------------------
1/26 Testing: RTP.NO_FAILURE
1/26 Test: RTP.NO_FAILURE
Command: "/home/jijianan/ComputerNetwork/lab2-rtp-NorthmanPKU/Lab2-RTP-Test/rtp_test_all" "--gtest_filter=RTP.NO_FAILURE" "--gtest_also_run_disabled_tests"
Directory: /home/jijianan/ComputerNetwork/lab2-rtp-NorthmanPKU/Lab2-RTP-Test
"RTP.NO_FAILURE" start time: Nov 14 20:44 CST
Output:
----------------------------------------------------------
[0;33mNote: Google Test filter = RTP.NO_FAILURE
[m[0;32m[==========] [mRunning 1 test from 1 test suite.
[0;32m[----------] [mGlobal test environment set-up.
[0;32m[----------] [m1 test from RTP
[0;32m[ RUN      ] [mRTP.NO_FAILURE
<end of output>
Test time =   0.02 sec
----------------------------------------------------------
Test Failed.
"RTP.NO_FAILURE" end time: Nov 14 20:44 CST
"RTP.NO_FAILURE" time elapsed: 00:00:00
----------------------------------------------------------

2/26 Testing: RTP.NO_FAILURE_OPT
2/26 Test: RTP.NO_FAILURE_OPT
Command: "/home/jijianan/ComputerNetwork/lab2-rtp-NorthmanPKU/Lab2-RTP-Test/rtp_test_all" "--gtest_filter=RTP.NO_FAILURE_OPT" "--gtest_also_run_disabled_tests"
Directory: /home/jijianan/ComputerNetwork/lab2-rtp-NorthmanPKU/Lab2-RTP-Test
"RTP.NO_FAILURE_OPT" start time: Nov 14 20:44 CST
Output:
----------------------------------------------------------
[0;33mNote: Google Test filter = RTP.NO_FAILURE_OPT
[m[0;32m[==========] [mRunning 1 test from 1 test suite.
[0;32m[----------] [mGlobal test environment set-up.
[0;32m[----------] [m1 test from RTP
[0;32m[ RUN      ] [mRTP.NO_FAILURE_OPT
<end of output>
Test time =   0.02 sec
----------------------------------------------------------
Test Failed.
"RTP.NO_FAILURE_OPT" end time: Nov 14 20:44 CST
"RTP.NO_FAILURE_OPT" time elapsed: 00:00:00
----------------------------------------------------------

3/26 Testing: RTP.RECEIVER_TEST_LOST_DATA
3/26 Test: RTP.RECEIVER_TEST_LOST_DATA
Command: "/home/jijianan/ComputerNetwork/lab2-rtp-NorthmanPKU/Lab2-RTP-Test/rtp_test_all" "--gtest_filter=RTP.RECEIVER_TEST_LOST_DATA" "--gtest_also_run_disabled_tests"
Directory: /home/jijianan/ComputerNetwork/lab2-rtp-NorthmanPKU/Lab2-RTP-Test
"RTP.RECEIVER_TEST_LOST_DATA" start time: Nov 14 20:44 CST
Output:
----------------------------------------------------------
[0;33mNote: Google Test filter = RTP.RECEIVER_TEST_LOST_DATA
[m[0;32m[==========] [mRunning 1 test from 1 test suite.
[0;32m[----------] [mGlobal test environment set-up.
[0;32m[----------] [m1 test from RTP
[0;32m[ RUN      ] [mRTP.RECEIVER_TEST_LOST_DATA
[40;32m[INFO]  [0mConnect failure. Send END message.
<end of output>
Test time =   0.22 sec
----------------------------------------------------------
Test Failed.
"RTP.RECEIVER_TEST_LOST_DATA" end time: Nov 14 20:44 CST
"RTP.RECEIVER_TEST_LOST_DATA" time elapsed: 00:00:00
----------------------------------------------------------

4/26 Testing: RTP.RECEIVER_TEST_DUP_DATA
4/26 Test: RTP.RECEIVER_TEST_DUP_DATA
Command: "/home/jijianan/ComputerNetwork/lab2-rtp-NorthmanPKU/Lab2-RTP-Test/rtp_test_all" "--gtest_filter=RTP.RECEIVER_TEST_DUP_DATA" "--gtest_also_run_disabled_tests"
Directory: /home/jijianan/ComputerNetwork/lab2-rtp-NorthmanPKU/Lab2-RTP-Test
"RTP.RECEIVER_TEST_DUP_DATA" start time: Nov 14 20:44 CST
Output:
----------------------------------------------------------
[0;33mNote: Google Test filter = RTP.RECEIVER_TEST_DUP_DATA
[m[0;32m[==========] [mRunning 1 test from 1 test suite.
[0;32m[----------] [mGlobal test environment set-up.
[0;32m[----------] [m1 test from RTP
[0;32m[ RUN      ] [mRTP.RECEIVER_TEST_DUP_DATA
[40;32m[INFO]  [0mConnect failure. Send END message.
<end of output>
Test time =   0.22 sec
----------------------------------------------------------
Test Failed.
"RTP.RECEIVER_TEST_DUP_DATA" end time: Nov 14 20:44 CST
"RTP.RECEIVER_TEST_DUP_DATA" time elapsed: 00:00:00
----------------------------------------------------------

5/26 Testing: RTP.RECEIVER_TEST_WRONG_CHKSUM_DATA
5/26 Test: RTP.RECEIVER_TEST_WRONG_CHKSUM_DATA
Command: "/home/jijianan/ComputerNetwork/lab2-rtp-NorthmanPKU/Lab2-RTP-Test/rtp_test_all" "--gtest_filter=RTP.RECEIVER_TEST_WRONG_CHKSUM_DATA" "--gtest_also_run_disabled_tests"
Directory: /home/jijianan/ComputerNetwork/lab2-rtp-NorthmanPKU/Lab2-RTP-Test
"RTP.RECEIVER_TEST_WRONG_CHKSUM_DATA" start time: Nov 14 20:44 CST
Output:
----------------------------------------------------------
[0;33mNote: Google Test filter = RTP.RECEIVER_TEST_WRONG_CHKSUM_DATA
[m[0;32m[==========] [mRunning 1 test from 1 test suite.
[0;32m[----------] [mGlobal test environment set-up.
[0;32m[----------] [m1 test from RTP
[0;32m[ RUN      ] [mRTP.RECEIVER_TEST_WRONG_CHKSUM_DATA
[40;32m[INFO]  [0mConnect failure. Send END message.
<end of output>
Test time =   0.22 sec
----------------------------------------------------------
Test Failed.
"RTP.RECEIVER_TEST_WRONG_CHKSUM_DATA" end time: Nov 14 20:44 CST
"RTP.RECEIVER_TEST_WRONG_CHKSUM_DATA" time elapsed: 00:00:00
----------------------------------------------------------

6/26 Testing: RTP.RECEIVER_TEST_REORDER_DATA
6/26 Test: RTP.RECEIVER_TEST_REORDER_DATA
Command: "/home/jijianan/ComputerNetwork/lab2-rtp-NorthmanPKU/Lab2-RTP-Test/rtp_test_all" "--gtest_filter=RTP.RECEIVER_TEST_REORDER_DATA" "--gtest_also_run_disabled_tests"
Directory: /home/jijianan/ComputerNetwork/lab2-rtp-NorthmanPKU/Lab2-RTP-Test
"RTP.RECEIVER_TEST_REORDER_DATA" start time: Nov 14 20:44 CST
Output:
----------------------------------------------------------
[0;33mNote: Google Test filter = RTP.RECEIVER_TEST_REORDER_DATA
[m[0;32m[==========] [mRunning 1 test from 1 test suite.
[0;32m[----------] [mGlobal test environment set-up.
[0;32m[----------] [m1 test from RTP
[0;32m[ RUN      ] [mRTP.RECEIVER_TEST_REORDER_DATA
[40;32m[INFO]  [0mConnect failure. Send END message.
<end of output>
Test time =   0.22 sec
----------------------------------------------------------
Test Failed.
"RTP.RECEIVER_TEST_REORDER_DATA" end time: Nov 14 20:44 CST
"RTP.RECEIVER_TEST_REORDER_DATA" time elapsed: 00:00:00
----------------------------------------------------------

7/26 Testing: RTP.RECEIVER_TEST_MIXED_1
7/26 Test: RTP.RECEIVER_TEST_MIXED_1
Command: "/home/jijianan/ComputerNetwork/lab2-rtp-NorthmanPKU/Lab2-RTP-Test/rtp_test_all" "--gtest_filter=RTP.RECEIVER_TEST_MIXED_1" "--gtest_also_run_disabled_tests"
Directory: /home/jijianan/ComputerNetwork/lab2-rtp-NorthmanPKU/Lab2-RTP-Test
"RTP.RECEIVER_TEST_MIXED_1" start time: Nov 14 20:44 CST
Output:
----------------------------------------------------------
[0;33mNote: Google Test filter = RTP.RECEIVER_TEST_MIXED_1
[m[0;32m[==========] [mRunning 1 test from 1 test suite.
[0;32m[----------] [mGlobal test environment set-up.
[0;32m[----------] [m1 test from RTP
[0;32m[ RUN      ] [mRTP.RECEIVER_TEST_MIXED_1
[40;32m[INFO]  [0mConnect failure. Send END message.
<end of output>
Test time =   0.22 sec
----------------------------------------------------------
Test Failed.
"RTP.RECEIVER_TEST_MIXED_1" end time: Nov 14 20:44 CST
"RTP.RECEIVER_TEST_MIXED_1" time elapsed: 00:00:00
----------------------------------------------------------

8/26 Testing: RTP.RECEIVER_TEST_MIXED_2
8/26 Test: RTP.RECEIVER_TEST_MIXED_2
Command: "/home/jijianan/ComputerNetwork/lab2-rtp-NorthmanPKU/Lab2-RTP-Test/rtp_test_all" "--gtest_filter=RTP.RECEIVER_TEST_MIXED_2" "--gtest_also_run_disabled_tests"
Directory: /home/jijianan/ComputerNetwork/lab2-rtp-NorthmanPKU/Lab2-RTP-Test
"RTP.RECEIVER_TEST_MIXED_2" start time: Nov 14 20:44 CST
Output:
----------------------------------------------------------
[0;33mNote: Google Test filter = RTP.RECEIVER_TEST_MIXED_2
[m[0;32m[==========] [mRunning 1 test from 1 test suite.
[0;32m[----------] [mGlobal test environment set-up.
[0;32m[----------] [m1 test from RTP
[0;32m[ RUN      ] [mRTP.RECEIVER_TEST_MIXED_2
[40;32m[INFO]  [0mConnect failure. Send END message.
<end of output>
Test time =   0.22 sec
----------------------------------------------------------
Test Failed.
"RTP.RECEIVER_TEST_MIXED_2" end time: Nov 14 20:44 CST
"RTP.RECEIVER_TEST_MIXED_2" time elapsed: 00:00:00
----------------------------------------------------------

9/26 Testing: RTP.SENDER_TEST_LOST_ACK
9/26 Test: RTP.SENDER_TEST_LOST_ACK
Command: "/home/jijianan/ComputerNetwork/lab2-rtp-NorthmanPKU/Lab2-RTP-Test/rtp_test_all" "--gtest_filter=RTP.SENDER_TEST_LOST_ACK" "--gtest_also_run_disabled_tests"
Directory: /home/jijianan/ComputerNetwork/lab2-rtp-NorthmanPKU/Lab2-RTP-Test
"RTP.SENDER_TEST_LOST_ACK" start time: Nov 14 20:44 CST
Output:
----------------------------------------------------------
[0;33mNote: Google Test filter = RTP.SENDER_TEST_LOST_ACK
[m[0;32m[==========] [mRunning 1 test from 1 test suite.
[0;32m[----------] [mGlobal test environment set-up.
[0;32m[----------] [m1 test from RTP
[0;32m[ RUN      ] [mRTP.SENDER_TEST_LOST_ACK
sh: 1: ./test_receiver: Permission denied
<end of output>
Test time =   0.02 sec
----------------------------------------------------------
Test Failed.
"RTP.SENDER_TEST_LOST_ACK" end time: Nov 14 20:44 CST
"RTP.SENDER_TEST_LOST_ACK" time elapsed: 00:00:00
----------------------------------------------------------

10/26 Testing: RTP.SENDER_TEST_DUP_ACK
10/26 Test: RTP.SENDER_TEST_DUP_ACK
Command: "/home/jijianan/ComputerNetwork/lab2-rtp-NorthmanPKU/Lab2-RTP-Test/rtp_test_all" "--gtest_filter=RTP.SENDER_TEST_DUP_ACK" "--gtest_also_run_disabled_tests"
Directory: /home/jijianan/ComputerNetwork/lab2-rtp-NorthmanPKU/Lab2-RTP-Test
"RTP.SENDER_TEST_DUP_ACK" start time: Nov 14 20:44 CST
Output:
----------------------------------------------------------
[0;33mNote: Google Test filter = RTP.SENDER_TEST_DUP_ACK
[m[0;32m[==========] [mRunning 1 test from 1 test suite.
[0;32m[----------] [mGlobal test environment set-up.
[0;32m[----------] [m1 test from RTP
[0;32m[ RUN      ] [mRTP.SENDER_TEST_DUP_ACK
sh: 1: ./test_receiver: Permission denied
<end of output>
Test time =   0.02 sec
----------------------------------------------------------
Test Failed.
"RTP.SENDER_TEST_DUP_ACK" end time: Nov 14 20:44 CST
"RTP.SENDER_TEST_DUP_ACK" time elapsed: 00:00:00
----------------------------------------------------------

11/26 Testing: RTP.SENDER_TEST_WRONG_CHKSUM_ACK
11/26 Test: RTP.SENDER_TEST_WRONG_CHKSUM_ACK
Command: "/home/jijianan/ComputerNetwork/lab2-rtp-NorthmanPKU/Lab2-RTP-Test/rtp_test_all" "--gtest_filter=RTP.SENDER_TEST_WRONG_CHKSUM_ACK" "--gtest_also_run_disabled_tests"
Directory: /home/jijianan/ComputerNetwork/lab2-rtp-NorthmanPKU/Lab2-RTP-Test
"RTP.SENDER_TEST_WRONG_CHKSUM_ACK" start time: Nov 14 20:44 CST
Output:
----------------------------------------------------------
[0;33mNote: Google Test filter = RTP.SENDER_TEST_WRONG_CHKSUM_ACK
[m[0;32m[==========] [mRunning 1 test from 1 test suite.
[0;32m[----------] [mGlobal test environment set-up.
[0;32m[----------] [m1 test from RTP
[0;32m[ RUN      ] [mRTP.SENDER_TEST_WRONG_CHKSUM_ACK
sh: 1: ./test_receiver: Permission denied
<end of output>
Test time =   0.02 sec
----------------------------------------------------------
Test Failed.
"RTP.SENDER_TEST_WRONG_CHKSUM_ACK" end time: Nov 14 20:44 CST
"RTP.SENDER_TEST_WRONG_CHKSUM_ACK" time elapsed: 00:00:00
----------------------------------------------------------

12/26 Testing: RTP.SENDER_TEST_REORDER_ACK
12/26 Test: RTP.SENDER_TEST_REORDER_ACK
Command: "/home/jijianan/ComputerNetwork/lab2-rtp-NorthmanPKU/Lab2-RTP-Test/rtp_test_all" "--gtest_filter=RTP.SENDER_TEST_REORDER_ACK" "--gtest_also_run_disabled_tests"
Directory: /home/jijianan/ComputerNetwork/lab2-rtp-NorthmanPKU/Lab2-RTP-Test
"RTP.SENDER_TEST_REORDER_ACK" start time: Nov 14 20:44 CST
Output:
----------------------------------------------------------
[0;33mNote: Google Test filter = RTP.SENDER_TEST_REORDER_ACK
[m[0;32m[==========] [mRunning 1 test from 1 test suite.
[0;32m[----------] [mGlobal test environment set-up.
[0;32m[----------] [m1 test from RTP
[0;32m[ RUN      ] [mRTP.SENDER_TEST_REORDER_ACK
sh: 1: ./test_receiver: Permission denied
<end of output>
Test time =   0.02 sec
----------------------------------------------------------
Test Failed.
"RTP.SENDER_TEST_REORDER_ACK" end time: Nov 14 20:44 CST
"RTP.SENDER_TEST_REORDER_ACK" time elapsed: 00:00:00
----------------------------------------------------------

13/26 Testing: RTP.SENDER_TEST_MIXED_1
13/26 Test: RTP.SENDER_TEST_MIXED_1
Command: "/home/jijianan/ComputerNetwork/lab2-rtp-NorthmanPKU/Lab2-RTP-Test/rtp_test_all" "--gtest_filter=RTP.SENDER_TEST_MIXED_1" "--gtest_also_run_disabled_tests"
Directory: /home/jijianan/ComputerNetwork/lab2-rtp-NorthmanPKU/Lab2-RTP-Test
"RTP.SENDER_TEST_MIXED_1" start time: Nov 14 20:44 CST
Output:
----------------------------------------------------------
[0;33mNote: Google Test filter = RTP.SENDER_TEST_MIXED_1
[m[0;32m[==========] [mRunning 1 test from 1 test suite.
[0;32m[----------] [mGlobal test environment set-up.
[0;32m[----------] [m1 test from RTP
[0;32m[ RUN      ] [mRTP.SENDER_TEST_MIXED_1
sh: 1: ./test_receiver: Permission denied
<end of output>
Test time =   0.01 sec
----------------------------------------------------------
Test Failed.
"RTP.SENDER_TEST_MIXED_1" end time: Nov 14 20:44 CST
"RTP.SENDER_TEST_MIXED_1" time elapsed: 00:00:00
----------------------------------------------------------

14/26 Testing: RTP.SENDER_TEST_MIXED_2
14/26 Test: RTP.SENDER_TEST_MIXED_2
Command: "/home/jijianan/ComputerNetwork/lab2-rtp-NorthmanPKU/Lab2-RTP-Test/rtp_test_all" "--gtest_filter=RTP.SENDER_TEST_MIXED_2" "--gtest_also_run_disabled_tests"
Directory: /home/jijianan/ComputerNetwork/lab2-rtp-NorthmanPKU/Lab2-RTP-Test
"RTP.SENDER_TEST_MIXED_2" start time: Nov 14 20:44 CST
Output:
----------------------------------------------------------
[0;33mNote: Google Test filter = RTP.SENDER_TEST_MIXED_2
[m[0;32m[==========] [mRunning 1 test from 1 test suite.
[0;32m[----------] [mGlobal test environment set-up.
[0;32m[----------] [m1 test from RTP
[0;32m[ RUN      ] [mRTP.SENDER_TEST_MIXED_2
sh: 1: ./test_receiver: Permission denied
<end of output>
Test time =   0.02 sec
----------------------------------------------------------
Test Failed.
"RTP.SENDER_TEST_MIXED_2" end time: Nov 14 20:44 CST
"RTP.SENDER_TEST_MIXED_2" time elapsed: 00:00:00
----------------------------------------------------------

15/26 Testing: RTP.OPT_RECEIVER_TEST_LOST_DATA
15/26 Test: RTP.OPT_RECEIVER_TEST_LOST_DATA
Command: "/home/jijianan/ComputerNetwork/lab2-rtp-NorthmanPKU/Lab2-RTP-Test/rtp_test_all" "--gtest_filter=RTP.OPT_RECEIVER_TEST_LOST_DATA" "--gtest_also_run_disabled_tests"
Directory: /home/jijianan/ComputerNetwork/lab2-rtp-NorthmanPKU/Lab2-RTP-Test
"RTP.OPT_RECEIVER_TEST_LOST_DATA" start time: Nov 14 20:44 CST
Output:
----------------------------------------------------------
[0;33mNote: Google Test filter = RTP.OPT_RECEIVER_TEST_LOST_DATA
[m[0;32m[==========] [mRunning 1 test from 1 test suite.
[0;32m[----------] [mGlobal test environment set-up.
[0;32m[----------] [m1 test from RTP
[0;32m[ RUN      ] [mRTP.OPT_RECEIVER_TEST_LOST_DATA
sh: 1: ./test_opt_sender: Permission denied
<end of output>
Test time =   0.02 sec
----------------------------------------------------------
Test Failed.
"RTP.OPT_RECEIVER_TEST_LOST_DATA" end time: Nov 14 20:44 CST
"RTP.OPT_RECEIVER_TEST_LOST_DATA" time elapsed: 00:00:00
----------------------------------------------------------

16/26 Testing: RTP.OPT_RECEIVER_TEST_DUP_DATA
16/26 Test: RTP.OPT_RECEIVER_TEST_DUP_DATA
Command: "/home/jijianan/ComputerNetwork/lab2-rtp-NorthmanPKU/Lab2-RTP-Test/rtp_test_all" "--gtest_filter=RTP.OPT_RECEIVER_TEST_DUP_DATA" "--gtest_also_run_disabled_tests"
Directory: /home/jijianan/ComputerNetwork/lab2-rtp-NorthmanPKU/Lab2-RTP-Test
"RTP.OPT_RECEIVER_TEST_DUP_DATA" start time: Nov 14 20:44 CST
Output:
----------------------------------------------------------
[0;33mNote: Google Test filter = RTP.OPT_RECEIVER_TEST_DUP_DATA
[m[0;32m[==========] [mRunning 1 test from 1 test suite.
[0;32m[----------] [mGlobal test environment set-up.
[0;32m[----------] [m1 test from RTP
[0;32m[ RUN      ] [mRTP.OPT_RECEIVER_TEST_DUP_DATA
sh: 1: ./test_opt_sender: Permission denied
<end of output>
Test time =   0.02 sec
----------------------------------------------------------
Test Failed.
"RTP.OPT_RECEIVER_TEST_DUP_DATA" end time: Nov 14 20:44 CST
"RTP.OPT_RECEIVER_TEST_DUP_DATA" time elapsed: 00:00:00
----------------------------------------------------------

17/26 Testing: RTP.OPT_RECEIVER_TEST_WRONG_CHKSUM_DATA
17/26 Test: RTP.OPT_RECEIVER_TEST_WRONG_CHKSUM_DATA
Command: "/home/jijianan/ComputerNetwork/lab2-rtp-NorthmanPKU/Lab2-RTP-Test/rtp_test_all" "--gtest_filter=RTP.OPT_RECEIVER_TEST_WRONG_CHKSUM_DATA" "--gtest_also_run_disabled_tests"
Directory: /home/jijianan/ComputerNetwork/lab2-rtp-NorthmanPKU/Lab2-RTP-Test
"RTP.OPT_RECEIVER_TEST_WRONG_CHKSUM_DATA" start time: Nov 14 20:44 CST
Output:
----------------------------------------------------------
[0;33mNote: Google Test filter = RTP.OPT_RECEIVER_TEST_WRONG_CHKSUM_DATA
[m[0;32m[==========] [mRunning 1 test from 1 test suite.
[0;32m[----------] [mGlobal test environment set-up.
[0;32m[----------] [m1 test from RTP
[0;32m[ RUN      ] [mRTP.OPT_RECEIVER_TEST_WRONG_CHKSUM_DATA
sh: 1: ./test_opt_sender: Permission denied
<end of output>
Test time =   0.02 sec
----------------------------------------------------------
Test Failed.
"RTP.OPT_RECEIVER_TEST_WRONG_CHKSUM_DATA" end time: Nov 14 20:44 CST
"RTP.OPT_RECEIVER_TEST_WRONG_CHKSUM_DATA" time elapsed: 00:00:00
----------------------------------------------------------

18/26 Testing: RTP.OPT_RECEIVER_TEST_REORDER_DATA
18/26 Test: RTP.OPT_RECEIVER_TEST_REORDER_DATA
Command: "/home/jijianan/ComputerNetwork/lab2-rtp-NorthmanPKU/Lab2-RTP-Test/rtp_test_all" "--gtest_filter=RTP.OPT_RECEIVER_TEST_REORDER_DATA" "--gtest_also_run_disabled_tests"
Directory: /home/jijianan/ComputerNetwork/lab2-rtp-NorthmanPKU/Lab2-RTP-Test
"RTP.OPT_RECEIVER_TEST_REORDER_DATA" start time: Nov 14 20:44 CST
Output:
----------------------------------------------------------
[0;33mNote: Google Test filter = RTP.OPT_RECEIVER_TEST_REORDER_DATA
[m[0;32m[==========] [mRunning 1 test from 1 test suite.
[0;32m[----------] [mGlobal test environment set-up.
[0;32m[----------] [m1 test from RTP
[0;32m[ RUN      ] [mRTP.OPT_RECEIVER_TEST_REORDER_DATA
sh: 1: ./test_opt_sender: Permission denied
<end of output>
Test time =   0.02 sec
----------------------------------------------------------
Test Failed.
"RTP.OPT_RECEIVER_TEST_REORDER_DATA" end time: Nov 14 20:44 CST
"RTP.OPT_RECEIVER_TEST_REORDER_DATA" time elapsed: 00:00:00
----------------------------------------------------------

19/26 Testing: RTP.OPT_RECEIVER_TEST_MIXED_1
19/26 Test: RTP.OPT_RECEIVER_TEST_MIXED_1
Command: "/home/jijianan/ComputerNetwork/lab2-rtp-NorthmanPKU/Lab2-RTP-Test/rtp_test_all" "--gtest_filter=RTP.OPT_RECEIVER_TEST_MIXED_1" "--gtest_also_run_disabled_tests"
Directory: /home/jijianan/ComputerNetwork/lab2-rtp-NorthmanPKU/Lab2-RTP-Test
"RTP.OPT_RECEIVER_TEST_MIXED_1" start time: Nov 14 20:44 CST
Output:
----------------------------------------------------------
[0;33mNote: Google Test filter = RTP.OPT_RECEIVER_TEST_MIXED_1
[m[0;32m[==========] [mRunning 1 test from 1 test suite.
[0;32m[----------] [mGlobal test environment set-up.
[0;32m[----------] [m1 test from RTP
[0;32m[ RUN      ] [mRTP.OPT_RECEIVER_TEST_MIXED_1
sh: 1: ./test_opt_sender: Permission denied
<end of output>
Test time =   0.02 sec
----------------------------------------------------------
Test Failed.
"RTP.OPT_RECEIVER_TEST_MIXED_1" end time: Nov 14 20:44 CST
"RTP.OPT_RECEIVER_TEST_MIXED_1" time elapsed: 00:00:00
----------------------------------------------------------

20/26 Testing: RTP.OPT_RECEIVER_TEST_MIXED_2
20/26 Test: RTP.OPT_RECEIVER_TEST_MIXED_2
Command: "/home/jijianan/ComputerNetwork/lab2-rtp-NorthmanPKU/Lab2-RTP-Test/rtp_test_all" "--gtest_filter=RTP.OPT_RECEIVER_TEST_MIXED_2" "--gtest_also_run_disabled_tests"
Directory: /home/jijianan/ComputerNetwork/lab2-rtp-NorthmanPKU/Lab2-RTP-Test
"RTP.OPT_RECEIVER_TEST_MIXED_2" start time: Nov 14 20:44 CST
Output:
----------------------------------------------------------
[0;33mNote: Google Test filter = RTP.OPT_RECEIVER_TEST_MIXED_2
[m[0;32m[==========] [mRunning 1 test from 1 test suite.
[0;32m[----------] [mGlobal test environment set-up.
[0;32m[----------] [m1 test from RTP
[0;32m[ RUN      ] [mRTP.OPT_RECEIVER_TEST_MIXED_2
sh: 1: ./test_opt_sender: Permission denied
<end of output>
Test time =   0.02 sec
----------------------------------------------------------
Test Failed.
"RTP.OPT_RECEIVER_TEST_MIXED_2" end time: Nov 14 20:44 CST
"RTP.OPT_RECEIVER_TEST_MIXED_2" time elapsed: 00:00:00
----------------------------------------------------------

21/26 Testing: RTP.OPT_SENDER_TEST_LOST_ACK
21/26 Test: RTP.OPT_SENDER_TEST_LOST_ACK
Command: "/home/jijianan/ComputerNetwork/lab2-rtp-NorthmanPKU/Lab2-RTP-Test/rtp_test_all" "--gtest_filter=RTP.OPT_SENDER_TEST_LOST_ACK" "--gtest_also_run_disabled_tests"
Directory: /home/jijianan/ComputerNetwork/lab2-rtp-NorthmanPKU/Lab2-RTP-Test
"RTP.OPT_SENDER_TEST_LOST_ACK" start time: Nov 14 20:44 CST
Output:
----------------------------------------------------------
[0;33mNote: Google Test filter = RTP.OPT_SENDER_TEST_LOST_ACK
[m[0;32m[==========] [mRunning 1 test from 1 test suite.
[0;32m[----------] [mGlobal test environment set-up.
[0;32m[----------] [m1 test from RTP
[0;32m[ RUN      ] [mRTP.OPT_SENDER_TEST_LOST_ACK
sh: 1: ./test_opt_receiver: Permission denied
<end of output>
Test time =   0.02 sec
----------------------------------------------------------
Test Failed.
"RTP.OPT_SENDER_TEST_LOST_ACK" end time: Nov 14 20:44 CST
"RTP.OPT_SENDER_TEST_LOST_ACK" time elapsed: 00:00:00
----------------------------------------------------------

22/26 Testing: RTP.OPT_SENDER_TEST_DUP_ACK
22/26 Test: RTP.OPT_SENDER_TEST_DUP_ACK
Command: "/home/jijianan/ComputerNetwork/lab2-rtp-NorthmanPKU/Lab2-RTP-Test/rtp_test_all" "--gtest_filter=RTP.OPT_SENDER_TEST_DUP_ACK" "--gtest_also_run_disabled_tests"
Directory: /home/jijianan/ComputerNetwork/lab2-rtp-NorthmanPKU/Lab2-RTP-Test
"RTP.OPT_SENDER_TEST_DUP_ACK" start time: Nov 14 20:44 CST
Output:
----------------------------------------------------------
[0;33mNote: Google Test filter = RTP.OPT_SENDER_TEST_DUP_ACK
[m[0;32m[==========] [mRunning 1 test from 1 test suite.
[0;32m[----------] [mGlobal test environment set-up.
[0;32m[----------] [m1 test from RTP
[0;32m[ RUN      ] [mRTP.OPT_SENDER_TEST_DUP_ACK
sh: 1: ./test_opt_receiver: Permission denied
<end of output>
Test time =   0.02 sec
----------------------------------------------------------
Test Failed.
"RTP.OPT_SENDER_TEST_DUP_ACK" end time: Nov 14 20:44 CST
"RTP.OPT_SENDER_TEST_DUP_ACK" time elapsed: 00:00:00
----------------------------------------------------------

23/26 Testing: RTP.OPT_SENDER_TEST_WRONG_CHKSUM_ACK
23/26 Test: RTP.OPT_SENDER_TEST_WRONG_CHKSUM_ACK
Command: "/home/jijianan/ComputerNetwork/lab2-rtp-NorthmanPKU/Lab2-RTP-Test/rtp_test_all" "--gtest_filter=RTP.OPT_SENDER_TEST_WRONG_CHKSUM_ACK" "--gtest_also_run_disabled_tests"
Directory: /home/jijianan/ComputerNetwork/lab2-rtp-NorthmanPKU/Lab2-RTP-Test
"RTP.OPT_SENDER_TEST_WRONG_CHKSUM_ACK" start time: Nov 14 20:44 CST
Output:
----------------------------------------------------------
[0;33mNote: Google Test filter = RTP.OPT_SENDER_TEST_WRONG_CHKSUM_ACK
[m[0;32m[==========] [mRunning 1 test from 1 test suite.
[0;32m[----------] [mGlobal test environment set-up.
[0;32m[----------] [m1 test from RTP
[0;32m[ RUN      ] [mRTP.OPT_SENDER_TEST_WRONG_CHKSUM_ACK
sh: 1: ./test_opt_receiver: Permission denied
<end of output>
Test time =   0.02 sec
----------------------------------------------------------
Test Failed.
"RTP.OPT_SENDER_TEST_WRONG_CHKSUM_ACK" end time: Nov 14 20:44 CST
"RTP.OPT_SENDER_TEST_WRONG_CHKSUM_ACK" time elapsed: 00:00:00
----------------------------------------------------------

24/26 Testing: RTP.OPT_SENDER_TEST_REORDER_ACK
24/26 Test: RTP.OPT_SENDER_TEST_REORDER_ACK
Command: "/home/jijianan/ComputerNetwork/lab2-rtp-NorthmanPKU/Lab2-RTP-Test/rtp_test_all" "--gtest_filter=RTP.OPT_SENDER_TEST_REORDER_ACK" "--gtest_also_run_disabled_tests"
Directory: /home/jijianan/ComputerNetwork/lab2-rtp-NorthmanPKU/Lab2-RTP-Test
"RTP.OPT_SENDER_TEST_REORDER_ACK" start time: Nov 14 20:44 CST
Output:
----------------------------------------------------------
[0;33mNote: Google Test filter = RTP.OPT_SENDER_TEST_REORDER_ACK
[m[0;32m[==========] [mRunning 1 test from 1 test suite.
[0;32m[----------] [mGlobal test environment set-up.
[0;32m[----------] [m1 test from RTP
[0;32m[ RUN      ] [mRTP.OPT_SENDER_TEST_REORDER_ACK
sh: 1: ./test_opt_receiver: Permission denied
<end of output>
Test time =   0.02 sec
----------------------------------------------------------
Test Failed.
"RTP.OPT_SENDER_TEST_REORDER_ACK" end time: Nov 14 20:44 CST
"RTP.OPT_SENDER_TEST_REORDER_ACK" time elapsed: 00:00:00
----------------------------------------------------------

25/26 Testing: RTP.OPT_SENDER_TEST_MIXED_1
25/26 Test: RTP.OPT_SENDER_TEST_MIXED_1
Command: "/home/jijianan/ComputerNetwork/lab2-rtp-NorthmanPKU/Lab2-RTP-Test/rtp_test_all" "--gtest_filter=RTP.OPT_SENDER_TEST_MIXED_1" "--gtest_also_run_disabled_tests"
Directory: /home/jijianan/ComputerNetwork/lab2-rtp-NorthmanPKU/Lab2-RTP-Test
"RTP.OPT_SENDER_TEST_MIXED_1" start time: Nov 14 20:44 CST
Output:
----------------------------------------------------------
[0;33mNote: Google Test filter = RTP.OPT_SENDER_TEST_MIXED_1
[m[0;32m[==========] [mRunning 1 test from 1 test suite.
[0;32m[----------] [mGlobal test environment set-up.
[0;32m[----------] [m1 test from RTP
[0;32m[ RUN      ] [mRTP.OPT_SENDER_TEST_MIXED_1
sh: 1: ./test_opt_receiver: Permission denied
<end of output>
Test time =   0.02 sec
----------------------------------------------------------
Test Failed.
"RTP.OPT_SENDER_TEST_MIXED_1" end time: Nov 14 20:44 CST
"RTP.OPT_SENDER_TEST_MIXED_1" time elapsed: 00:00:00
----------------------------------------------------------

26/26 Testing: RTP.OPT_SENDER_TEST_MIXED_2
26/26 Test: RTP.OPT_SENDER_TEST_MIXED_2
Command: "/home/jijianan/ComputerNetwork/lab2-rtp-NorthmanPKU/Lab2-RTP-Test/rtp_test_all" "--gtest_filter=RTP.OPT_SENDER_TEST_MIXED_2" "--gtest_also_run_disabled_tests"
Directory: /home/jijianan/ComputerNetwork/lab2-rtp-NorthmanPKU/Lab2-RTP-Test
"RTP.OPT_SENDER_TEST_MIXED_2" start time: Nov 14 20:44 CST
Output:
----------------------------------------------------------
[0;33mNote: Google Test filter = RTP.OPT_SENDER_TEST_MIXED_2
[m[0;32m[==========] [mRunning 1 test from 1 test suite.
[0;32m[----------] [mGlobal test environment set-up.
[0;32m[----------] [m1 test from RTP
[0;32m[ RUN      ] [mRTP.OPT_SENDER_TEST_MIXED_2
sh: 1: ./test_opt_receiver: Permission denied
<end of output>
Test time =   0.02 sec
----------------------------------------------------------
Test Failed.
"RTP.OPT_SENDER_TEST_MIXED_2" end time: Nov 14 20:44 CST
"RTP.OPT_SENDER_TEST_MIXED_2" time elapsed: 00:00:00
----------------------------------------------------------

End testing: Nov 14 20:44 CST
